<?xml version="1.0" encoding="UTF-8"?>
<!-- Generated by org.testng.reporters.JUnitXMLReporter -->
<testsuite hostname="Ngans-MacBook.local" name="Run test with appium" tests="4" failures="1" timestamp="8 Oct 2017 04:13:27 GMT" time="23.871" errors="0">
  <testcase name="captureScreenShotTest" time="4.498" classname="testApp.modules.ContactTest"/>
  <testcase name="runAppBackGruond" time="7.256" classname="testApp.modules.ContactTest"/>
  <testcase name="scrollTest" time="2.816" classname="testApp.modules.ContactTest"/>
  <testcase name="switchCalculator" time="0.006" classname="testApp.modules.ContactTest">
    <failure type="java.lang.NullPointerException">
      <![CDATA[java.lang.NullPointerException
	at testApp.modules.Mobile.switchApp(Mobile.java:114)
	at testApp.modules.ContactTest.switchCalculator(ContactTest.java:44)
... Removed 27 stack frames]]>
    </failure>
  </testcase> <!-- switchCalculator -->
</testsuite> <!-- Run test with appium -->
