<?xml version="1.0" encoding="UTF-8"?>
<testng-results skipped="0" failed="1" total="4" passed="3">
  <reporter-output>
  </reporter-output>
  <suite name="Test-class Suite" duration-ms="23871" started-at="2017-10-08T04:13:03Z" finished-at="2017-10-08T04:13:27Z">
    <groups>
    </groups>
    <test name="Run test with appium" duration-ms="23871" started-at="2017-10-08T04:13:03Z" finished-at="2017-10-08T04:13:27Z">
      <class name="testApp.modules.ContactTest">
        <test-method status="PASS" signature="setUp()[pri:0, instance:testApp.modules.ContactTest@26f67b76]" name="setUp" is-config="true" duration-ms="8846" started-at="2017-10-08T11:13:03Z" finished-at="2017-10-08T11:13:12Z">
          <reporter-output>
          </reporter-output>
        </test-method> <!-- setUp -->
        <test-method status="PASS" signature="captureScreenShotTest()[pri:0, instance:testApp.modules.ContactTest@26f67b76]" name="captureScreenShotTest" duration-ms="4498" started-at="2017-10-08T11:13:12Z" finished-at="2017-10-08T11:13:17Z">
          <reporter-output>
          </reporter-output>
        </test-method> <!-- captureScreenShotTest -->
        <test-method status="PASS" signature="runAppBackGruond()[pri:0, instance:testApp.modules.ContactTest@26f67b76]" name="runAppBackGruond" duration-ms="7256" started-at="2017-10-08T11:13:17Z" finished-at="2017-10-08T11:13:24Z">
          <reporter-output>
          </reporter-output>
        </test-method> <!-- runAppBackGruond -->
        <test-method status="PASS" signature="scrollTest()[pri:0, instance:testApp.modules.ContactTest@26f67b76]" name="scrollTest" duration-ms="2816" started-at="2017-10-08T11:13:24Z" finished-at="2017-10-08T11:13:27Z">
          <reporter-output>
          </reporter-output>
        </test-method> <!-- scrollTest -->
        <test-method status="FAIL" signature="switchCalculator()[pri:0, instance:testApp.modules.ContactTest@26f67b76]" name="switchCalculator" duration-ms="6" started-at="2017-10-08T11:13:27Z" finished-at="2017-10-08T11:13:27Z">
          <exception class="java.lang.NullPointerException">
            <full-stacktrace>
              <![CDATA[java.lang.NullPointerException
	at testApp.modules.Mobile.switchApp(Mobile.java:114)
	at testApp.modules.ContactTest.switchCalculator(ContactTest.java:44)
	at sun.reflect.NativeMethodAccessorImpl.invoke0(Native Method)
	at sun.reflect.NativeMethodAccessorImpl.invoke(NativeMethodAccessorImpl.java:62)
	at sun.reflect.DelegatingMethodAccessorImpl.invoke(DelegatingMethodAccessorImpl.java:43)
	at java.lang.reflect.Method.invoke(Method.java:498)
	at org.testng.internal.MethodInvocationHelper.invokeMethod(MethodInvocationHelper.java:85)
	at org.testng.internal.Invoker.invokeMethod(Invoker.java:639)
	at org.testng.internal.Invoker.invokeTestMethod(Invoker.java:816)
	at org.testng.internal.Invoker.invokeTestMethods(Invoker.java:1124)
	at org.testng.internal.TestMethodWorker.invokeTestMethods(TestMethodWorker.java:125)
	at org.testng.internal.TestMethodWorker.run(TestMethodWorker.java:108)
	at org.testng.TestRunner.privateRun(TestRunner.java:774)
	at org.testng.TestRunner.run(TestRunner.java:624)
	at org.testng.SuiteRunner.runTest(SuiteRunner.java:359)
	at org.testng.SuiteRunner.runSequentially(SuiteRunner.java:354)
	at org.testng.SuiteRunner.privateRun(SuiteRunner.java:312)
	at org.testng.SuiteRunner.run(SuiteRunner.java:261)
	at org.testng.SuiteRunnerWorker.runSuite(SuiteRunnerWorker.java:52)
	at org.testng.SuiteRunnerWorker.run(SuiteRunnerWorker.java:86)
	at org.testng.TestNG.runSuitesSequentially(TestNG.java:1191)
	at org.testng.TestNG.runSuitesLocally(TestNG.java:1116)
	at org.testng.TestNG.run(TestNG.java:1024)
	at org.apache.maven.surefire.testng.TestNGExecutor.run(TestNGExecutor.java:283)
	at org.apache.maven.surefire.testng.TestNGXmlTestSuite.execute(TestNGXmlTestSuite.java:75)
	at org.apache.maven.surefire.testng.TestNGProvider.invoke(TestNGProvider.java:120)
	at org.apache.maven.surefire.booter.ForkedBooter.invokeProviderInSameClassLoader(ForkedBooter.java:386)
	at org.apache.maven.surefire.booter.ForkedBooter.runSuitesInProcess(ForkedBooter.java:323)
	at org.apache.maven.surefire.booter.ForkedBooter.main(ForkedBooter.java:143)
]]>
            </full-stacktrace>
          </exception> <!-- java.lang.NullPointerException -->
          <reporter-output>
          </reporter-output>
        </test-method> <!-- switchCalculator -->
        <test-method status="PASS" signature="tearDown()[pri:0, instance:testApp.modules.ContactTest@26f67b76]" name="tearDown" is-config="true" duration-ms="432" started-at="2017-10-08T11:13:27Z" finished-at="2017-10-08T11:13:27Z">
          <reporter-output>
          </reporter-output>
        </test-method> <!-- tearDown -->
      </class> <!-- testApp.modules.ContactTest -->
    </test> <!-- Run test with appium -->
  </suite> <!-- Test-class Suite -->
</testng-results>
