-------------------------------------------------------------------------------
Test set: TestSuite
-------------------------------------------------------------------------------
Tests run: 4, Failures: 1, Errors: 0, Skipped: 0, Time elapsed: 24.47 s <<< FAILURE! - in TestSuite
switchCalculator(testApp.modules.ContactTest)  Time elapsed: 0.013 s  <<< FAILURE!
java.lang.NullPointerException
	at testApp.modules.ContactTest.switchCalculator(ContactTest.java:44)

